<?xml version="1.0" encoding="UTF-8"?>
<testsuite name="hello.itemservice.ItemServiceApplicationTests" tests="1" skipped="0" failures="0" errors="0" timestamp="2022-01-27T12:17:34" hostname="DESKTOP-EJ7O8TJ" time="0.548">
  <properties/>
  <testcase name="contextLoads()" classname="hello.itemservice.ItemServiceApplicationTests" time="0.548"/>
  <system-out><![CDATA[21:17:29.800 [Test worker] DEBUG org.springframework.test.context.BootstrapUtils - Instantiating CacheAwareContextLoaderDelegate from class [org.springframework.test.context.cache.DefaultCacheAwareContextLoaderDelegate]
21:17:29.820 [Test worker] DEBUG org.springframework.test.context.BootstrapUtils - Instantiating BootstrapContext using constructor [public org.springframework.test.context.support.DefaultBootstrapContext(java.lang.Class,org.springframework.test.context.CacheAwareContextLoaderDelegate)]
21:17:29.941 [Test worker] DEBUG org.springframework.test.context.BootstrapUtils - Instantiating TestContextBootstrapper for test class [hello.itemservice.ItemServiceApplicationTests] from class [org.springframework.boot.test.context.SpringBootTestContextBootstrapper]
21:17:29.958 [Test worker] INFO org.springframework.boot.test.context.SpringBootTestContextBootstrapper - Neither @ContextConfiguration nor @ContextHierarchy found for test class [hello.itemservice.ItemServiceApplicationTests], using SpringBootContextLoader
21:17:29.965 [Test worker] DEBUG org.springframework.test.context.support.AbstractContextLoader - Did not detect default resource location for test class [hello.itemservice.ItemServiceApplicationTests]: class path resource [hello/itemservice/ItemServiceApplicationTests-context.xml] does not exist
21:17:29.967 [Test worker] DEBUG org.springframework.test.context.support.AbstractContextLoader - Did not detect default resource location for test class [hello.itemservice.ItemServiceApplicationTests]: class path resource [hello/itemservice/ItemServiceApplicationTestsContext.groovy] does not exist
21:17:29.967 [Test worker] INFO org.springframework.test.context.support.AbstractContextLoader - Could not detect default resource locations for test class [hello.itemservice.ItemServiceApplicationTests]: no resource found for suffixes {-context.xml, Context.groovy}.
21:17:29.968 [Test worker] INFO org.springframework.test.context.support.AnnotationConfigContextLoaderUtils - Could not detect default configuration classes for test class [hello.itemservice.ItemServiceApplicationTests]: ItemServiceApplicationTests does not declare any static, non-private, non-final, nested classes annotated with @Configuration.
21:17:30.181 [Test worker] DEBUG org.springframework.test.context.support.ActiveProfilesUtils - Could not find an 'annotation declaring class' for annotation type [org.springframework.test.context.ActiveProfiles] and class [hello.itemservice.ItemServiceApplicationTests]
21:17:30.365 [Test worker] DEBUG org.springframework.context.annotation.ClassPathScanningCandidateComponentProvider - Identified candidate component class: file [C:\Users\LSH\study\form\build\classes\java\main\hello\itemservice\ItemServiceApplication.class]
21:17:30.370 [Test worker] INFO org.springframework.boot.test.context.SpringBootTestContextBootstrapper - Found @SpringBootConfiguration hello.itemservice.ItemServiceApplication for test class hello.itemservice.ItemServiceApplicationTests
21:17:30.551 [Test worker] DEBUG org.springframework.boot.test.context.SpringBootTestContextBootstrapper - @TestExecutionListeners is not present for class [hello.itemservice.ItemServiceApplicationTests]: using defaults.
21:17:30.552 [Test worker] INFO org.springframework.boot.test.context.SpringBootTestContextBootstrapper - Loaded default TestExecutionListener class names from location [META-INF/spring.factories]: [org.springframework.boot.test.autoconfigure.restdocs.RestDocsTestExecutionListener, org.springframework.boot.test.autoconfigure.web.client.MockRestServiceServerResetTestExecutionListener, org.springframework.boot.test.autoconfigure.web.servlet.MockMvcPrintOnlyOnFailureTestExecutionListener, org.springframework.boot.test.autoconfigure.web.servlet.WebDriverTestExecutionListener, org.springframework.boot.test.autoconfigure.webservices.client.MockWebServiceServerTestExecutionListener, org.springframework.boot.test.mock.mockito.MockitoTestExecutionListener, org.springframework.boot.test.mock.mockito.ResetMocksTestExecutionListener, org.springframework.test.context.web.ServletTestExecutionListener, org.springframework.test.context.support.DirtiesContextBeforeModesTestExecutionListener, org.springframework.test.context.event.ApplicationEventsTestExecutionListener, org.springframework.test.context.support.DependencyInjectionTestExecutionListener, org.springframework.test.context.support.DirtiesContextTestExecutionListener, org.springframework.test.context.transaction.TransactionalTestExecutionListener, org.springframework.test.context.jdbc.SqlScriptsTestExecutionListener, org.springframework.test.context.event.EventPublishingTestExecutionListener]
21:17:30.571 [Test worker] DEBUG org.springframework.boot.test.context.SpringBootTestContextBootstrapper - Skipping candidate TestExecutionListener [org.springframework.test.context.transaction.TransactionalTestExecutionListener] due to a missing dependency. Specify custom listener classes or make the default listener classes and their required dependencies available. Offending class: [org/springframework/transaction/interceptor/TransactionAttributeSource]
21:17:30.572 [Test worker] DEBUG org.springframework.boot.test.context.SpringBootTestContextBootstrapper - Skipping candidate TestExecutionListener [org.springframework.test.context.jdbc.SqlScriptsTestExecutionListener] due to a missing dependency. Specify custom listener classes or make the default listener classes and their required dependencies available. Offending class: [org/springframework/transaction/interceptor/TransactionAttribute]
21:17:30.572 [Test worker] INFO org.springframework.boot.test.context.SpringBootTestContextBootstrapper - Using TestExecutionListeners: [org.springframework.test.context.web.ServletTestExecutionListener@4bec6654, org.springframework.test.context.support.DirtiesContextBeforeModesTestExecutionListener@761ae70f, org.springframework.test.context.event.ApplicationEventsTestExecutionListener@2ed05c1, org.springframework.boot.test.mock.mockito.MockitoTestExecutionListener@35e1e2b0, org.springframework.boot.test.autoconfigure.SpringBootDependencyInjectionTestExecutionListener@1d97fc9e, org.springframework.test.context.support.DirtiesContextTestExecutionListener@3c9452bc, org.springframework.test.context.event.EventPublishingTestExecutionListener@563d8be2, org.springframework.boot.test.autoconfigure.restdocs.RestDocsTestExecutionListener@6cf307f7, org.springframework.boot.test.autoconfigure.web.client.MockRestServiceServerResetTestExecutionListener@4ea265fb, org.springframework.boot.test.autoconfigure.web.servlet.MockMvcPrintOnlyOnFailureTestExecutionListener@50bdcf21, org.springframework.boot.test.autoconfigure.web.servlet.WebDriverTestExecutionListener@6ae52c4f, org.springframework.boot.test.autoconfigure.webservices.client.MockWebServiceServerTestExecutionListener@1e5d425b, org.springframework.boot.test.mock.mockito.ResetMocksTestExecutionListener@430d61d6]
21:17:30.581 [Test worker] DEBUG org.springframework.test.context.support.AbstractDirtiesContextTestExecutionListener - Before test class: context [DefaultTestContext@38223366 testClass = ItemServiceApplicationTests, testInstance = [null], testMethod = [null], testException = [null], mergedContextConfiguration = [WebMergedContextConfiguration@130d904e testClass = ItemServiceApplicationTests, locations = '{}', classes = '{class hello.itemservice.ItemServiceApplication}', contextInitializerClasses = '[]', activeProfiles = '{}', propertySourceLocations = '{}', propertySourceProperties = '{org.springframework.boot.test.context.SpringBootTestContextBootstrapper=true}', contextCustomizers = set[org.springframework.boot.test.autoconfigure.actuate.metrics.MetricsExportContextCustomizerFactory$DisableMetricExportContextCustomizer@161deedf, org.springframework.boot.test.autoconfigure.properties.PropertyMappingContextCustomizer@0, org.springframework.boot.test.autoconfigure.web.servlet.WebDriverContextCustomizerFactory$Customizer@1dd2ed9, org.springframework.boot.test.context.filter.ExcludeFilterContextCustomizer@24816a06, org.springframework.boot.test.json.DuplicateJsonObjectContextCustomizerFactory$DuplicateJsonObjectContextCustomizer@3534a9ed, org.springframework.boot.test.mock.mockito.MockitoContextCustomizer@0, org.springframework.boot.test.web.client.TestRestTemplateContextCustomizer@260762e3, org.springframework.boot.test.context.SpringBootTestArgs@1, org.springframework.boot.test.context.SpringBootTestWebEnvironment@c859393], resourceBasePath = 'src/main/webapp', contextLoader = 'org.springframework.boot.test.context.SpringBootContextLoader', parent = [null]], attributes = map['org.springframework.test.context.web.ServletTestExecutionListener.activateListener' -> true]], class annotated with @DirtiesContext [false] with mode [null].
21:17:30.633 [Test worker] DEBUG org.springframework.test.context.support.TestPropertySourceUtils - Adding inlined properties to environment: {spring.jmx.enabled=false, org.springframework.boot.test.context.SpringBootTestContextBootstrapper=true}

  .   ____          _            __ _ _
 /\\ / ___'_ __ _ _(_)_ __  __ _ \ \ \ \
( ( )\___ | '_ | '_| | '_ \/ _` | \ \ \ \
 \\/  ___)| |_)| | | | | || (_| |  ) ) ) )
  '  |____| .__|_| |_|_| |_\__, | / / / /
 =========|_|==============|___/=/_/_/_/
 :: Spring Boot ::                (v2.4.4)

2022-01-27 21:17:31.146  INFO 1688 --- [    Test worker] h.i.ItemServiceApplicationTests          : Starting ItemServiceApplicationTests using Java 11.0.13 on DESKTOP-EJ7O8TJ with PID 1688 (started by LSH in C:\Users\LSH\study\form)
2022-01-27 21:17:31.150  INFO 1688 --- [    Test worker] h.i.ItemServiceApplicationTests          : No active profile set, falling back to default profiles: default
2022-01-27 21:17:33.526  INFO 1688 --- [    Test worker] o.s.s.concurrent.ThreadPoolTaskExecutor  : Initializing ExecutorService 'applicationTaskExecutor'
2022-01-27 21:17:33.787  INFO 1688 --- [    Test worker] o.s.b.a.w.s.WelcomePageHandlerMapping    : Adding welcome page: class path resource [static/index.html]
2022-01-27 21:17:34.247  INFO 1688 --- [    Test worker] h.i.ItemServiceApplicationTests          : Started ItemServiceApplicationTests in 3.598 seconds (JVM running for 6.179)
]]></system-out>
  <system-err><![CDATA[]]></system-err>
</testsuite>
